<?xml version="1.0" encoding="UTF-8"?>
<testng-results total="1" passed="1" failed="0" skipped="0">
  <reporter-output>
  </reporter-output>
  <suite started-at="2020-12-03T03:44:37Z" name="Default suite" finished-at="2020-12-03T03:49:17Z" duration-ms="280205">
    <groups>
      <group name="cucumber">
        <method signature="AbstractTestNGCucumberTests.feature(cucumber.api.testng.CucumberFeatureWrapper)[pri:0, instance:testrunner.tesrtngrunner@1d483de4]" name="feature" class="cucumber.api.testng.AbstractTestNGCucumberTests"/>
      </group> <!-- cucumber -->
    </groups>
    <test started-at="2020-12-03T03:44:37Z" name="Default test" finished-at="2020-12-03T03:49:17Z" duration-ms="280205">
      <class name="testrunner.tesrtngrunner">
        <test-method is-config="true" signature="setUpClass()[pri:0, instance:testrunner.tesrtngrunner@1d483de4]" started-at="2020-12-03T09:14:37Z" name="setUpClass" finished-at="2020-12-03T09:14:37Z" duration-ms="559" status="PASS">
          <reporter-output>
          </reporter-output>
        </test-method> <!-- setUpClass -->
        <test-method signature="feature(cucumber.api.testng.CucumberFeatureWrapper)[pri:0, instance:testrunner.tesrtngrunner@1d483de4]" started-at="2020-12-03T09:14:37Z" name="feature" description="Runs Cucumber Feature" data-provider="features" finished-at="2020-12-03T09:19:17Z" duration-ms="279317" status="PASS">
          <params>
            <param index="0">
              <value>
                <![CDATA[Verify ORANGEHRM admin functionality]]>
              </value>
            </param>
          </params>
          <reporter-output>
          </reporter-output>
        </test-method> <!-- feature -->
        <test-method is-config="true" signature="tearDownClass()[pri:0, instance:testrunner.tesrtngrunner@1d483de4]" started-at="2020-12-03T09:19:17Z" name="tearDownClass" finished-at="2020-12-03T09:19:17Z" duration-ms="172" status="PASS">
          <reporter-output>
          </reporter-output>
        </test-method> <!-- tearDownClass -->
      </class> <!-- testrunner.tesrtngrunner -->
    </test> <!-- Default test -->
  </suite> <!-- Default suite -->
</testng-results>
